<?xml version="1.0" encoding="UTF-8"?>
<testng-results ignored="2" total="4" passed="1" failed="1" skipped="0">
  <reporter-output>
  </reporter-output>
  <suite started-at="2021-12-07T17:46:21Z" name="Suite" finished-at="2021-12-07T17:48:10Z" duration-ms="108699">
    <groups>
      <group name="regression">
        <method signature="DemoTestng.window()[pri:1, instance:org.demo.DemoTestng@68dc098b]" name="window" class="org.demo.DemoTestng"/>
      </group> <!-- regression -->
      <group name="smoke">
        <method signature="DemoTestng.login()[pri:-1, instance:org.demo.DemoTestng@68dc098b]" name="login" class="org.demo.DemoTestng"/>
        <method signature="TestngDemo2.mobile1()[pri:-1, instance:org.demo.TestngDemo2@488d1cd7]" name="mobile1" class="org.demo.TestngDemo2"/>
      </group> <!-- smoke -->
      <group name="sanity">
        <method signature="TestngDemo2.mobile2()[pri:0, instance:org.demo.TestngDemo2@488d1cd7]" name="mobile2" class="org.demo.TestngDemo2"/>
        <method signature="TestngDemo2.mobile4()[pri:2, instance:org.demo.TestngDemo2@488d1cd7]" name="mobile4" class="org.demo.TestngDemo2"/>
      </group> <!-- sanity -->
    </groups>
    <test started-at="2021-12-07T17:46:21Z" name="parameter" finished-at="2021-12-07T17:48:10Z" duration-ms="108699">
      <class name="org.demo.TestngDemo2">
        <test-method is-config="true" signature="launch()[pri:0, instance:org.demo.TestngDemo2@488d1cd7]" started-at="2021-12-07T23:16:21Z" name="launch" finished-at="2021-12-07T23:17:06Z" duration-ms="44994" status="PASS">
          <reporter-output>
          </reporter-output>
        </test-method> <!-- launch -->
        <test-method signature="mobile1()[pri:-1, instance:org.demo.TestngDemo2@488d1cd7]" started-at="2021-12-07T23:17:06Z" name="mobile1" finished-at="2021-12-07T23:17:20Z" duration-ms="13684" status="FAIL">
          <exception class="org.openqa.selenium.ElementClickInterceptedException">
            <message>
              <![CDATA[element click intercepted: Element <div class="_4rR01T">...</div> is not clickable at point (771, 213). Other element would receive the click: <a title="..." class="_3QN6WI" href="/theliterature-fiction-store?otracker=nmenu_sub_Sports%2C%20Books%20%26%20More_0_Literature%20%26%20Fiction">Literature &amp; Fiction</a>  (Session info: chrome=96.0.4664.45)Build info: version: '3.141.59', revision: 'e82be7d358', time: '2018-11-14T08:17:03'System info: host: 'DESKTOP-OL40KAM', ip: '192.168.43.198', os.name: 'Windows 10', os.arch: 'amd64', os.version: '10.0', java.version: '17'Driver info: org.openqa.selenium.chrome.ChromeDriverCapabilities {acceptInsecureCerts: false, browserName: chrome, browserVersion: 96.0.4664.45, chrome: {chromedriverVersion: 96.0.4664.45 (76e4c1bb2ab46..., userDataDir: C:\Users\MANIKA~1\AppData\L...}, goog:chromeOptions: {debuggerAddress: localhost:63013}, javascriptEnabled: true, networkConnectionEnabled: false, pageLoadStrategy: normal, platform: WINDOWS, platformName: WINDOWS, proxy: Proxy(), setWindowRect: true, strictFileInteractability: false, timeouts: {implicit: 0, pageLoad: 300000, script: 30000}, unhandledPromptBehavior: dismiss and notify, webauthn:extension:credBlob: true, webauthn:extension:largeBlob: true, webauthn:virtualAuthenticators: true}Session ID: 818c465cadf0b51960f6e99463603ca6]]>
            </message>
            <full-stacktrace>
              <![CDATA[org.openqa.selenium.ElementClickInterceptedException: element click intercepted: Element <div class="_4rR01T">...</div> is not clickable at point (771, 213). Other element would receive the click: <a title="..." class="_3QN6WI" href="/theliterature-fiction-store?otracker=nmenu_sub_Sports%2C%20Books%20%26%20More_0_Literature%20%26%20Fiction">Literature &amp; Fiction</a>  (Session info: chrome=96.0.4664.45)Build info: version: '3.141.59', revision: 'e82be7d358', time: '2018-11-14T08:17:03'System info: host: 'DESKTOP-OL40KAM', ip: '192.168.43.198', os.name: 'Windows 10', os.arch: 'amd64', os.version: '10.0', java.version: '17'Driver info: org.openqa.selenium.chrome.ChromeDriverCapabilities {acceptInsecureCerts: false, browserName: chrome, browserVersion: 96.0.4664.45, chrome: {chromedriverVersion: 96.0.4664.45 (76e4c1bb2ab46..., userDataDir: C:\Users\MANIKA~1\AppData\L...}, goog:chromeOptions: {debuggerAddress: localhost:63013}, javascriptEnabled: true, networkConnectionEnabled: false, pageLoadStrategy: normal, platform: WINDOWS, platformName: WINDOWS, proxy: Proxy(), setWindowRect: true, strictFileInteractability: false, timeouts: {implicit: 0, pageLoad: 300000, script: 30000}, unhandledPromptBehavior: dismiss and notify, webauthn:extension:credBlob: true, webauthn:extension:largeBlob: true, webauthn:virtualAuthenticators: true}Session ID: 818c465cadf0b51960f6e99463603ca6at java.base/jdk.internal.reflect.NativeConstructorAccessorImpl.newInstance0(Native Method)at java.base/jdk.internal.reflect.NativeConstructorAccessorImpl.newInstance(NativeConstructorAccessorImpl.java:77)at java.base/jdk.internal.reflect.DelegatingConstructorAccessorImpl.newInstance(DelegatingConstructorAccessorImpl.java:45)at java.base/java.lang.reflect.Constructor.newInstanceWithCaller(Constructor.java:499)at java.base/java.lang.reflect.Constructor.newInstance(Constructor.java:480)at org.openqa.selenium.remote.http.W3CHttpResponseCodec.createException(W3CHttpResponseCodec.java:187)at org.openqa.selenium.remote.http.W3CHttpResponseCodec.decode(W3CHttpResponseCodec.java:122)at org.openqa.selenium.remote.http.W3CHttpResponseCodec.decode(W3CHttpResponseCodec.java:49)at org.openqa.selenium.remote.HttpCommandExecutor.execute(HttpCommandExecutor.java:158)at org.openqa.selenium.remote.service.DriverCommandExecutor.execute(DriverCommandExecutor.java:83)at org.openqa.selenium.remote.RemoteWebDriver.execute(RemoteWebDriver.java:552)at org.openqa.selenium.remote.RemoteWebElement.execute(RemoteWebElement.java:285)at org.openqa.selenium.remote.RemoteWebElement.click(RemoteWebElement.java:84)at org.demo.TestngDemo2.mobile1(TestngDemo2.java:70)at java.base/jdk.internal.reflect.NativeMethodAccessorImpl.invoke0(Native Method)at java.base/jdk.internal.reflect.NativeMethodAccessorImpl.invoke(NativeMethodAccessorImpl.java:77)at java.base/jdk.internal.reflect.DelegatingMethodAccessorImpl.invoke(DelegatingMethodAccessorImpl.java:43)at java.base/java.lang.reflect.Method.invoke(Method.java:568)at org.testng.internal.MethodInvocationHelper.invokeMethod(MethodInvocationHelper.java:124)at org.testng.internal.Invoker.invokeMethod(Invoker.java:571)at org.testng.internal.Invoker.invokeTestMethod(Invoker.java:707)at org.testng.internal.Invoker.invokeTestMethods(Invoker.java:979)at org.testng.internal.TestMethodWorker.invokeTestMethods(TestMethodWorker.java:125)at org.testng.internal.TestMethodWorker.run(TestMethodWorker.java:109)at org.testng.TestRunner.privateRun(TestRunner.java:648)at org.testng.TestRunner.run(TestRunner.java:505)at org.testng.SuiteRunner.runTest(SuiteRunner.java:455)at org.testng.SuiteRunner.runSequentially(SuiteRunner.java:450)at org.testng.SuiteRunner.privateRun(SuiteRunner.java:415)at org.testng.SuiteRunner.run(SuiteRunner.java:364)at org.testng.SuiteRunnerWorker.runSuite(SuiteRunnerWorker.java:52)at org.testng.SuiteRunnerWorker.run(SuiteRunnerWorker.java:84)at org.testng.TestNG.runSuitesSequentially(TestNG.java:1187)at org.testng.TestNG.runSuitesLocally(TestNG.java:1116)at org.testng.TestNG.runSuites(TestNG.java:1028)at org.testng.TestNG.run(TestNG.java:996)at org.testng.remote.AbstractRemoteTestNG.run(AbstractRemoteTestNG.java:115)at org.testng.remote.RemoteTestNG.initAndRun(RemoteTestNG.java:251)at org.testng.remote.RemoteTestNG.main(RemoteTestNG.java:77)]]>
            </full-stacktrace>
          </exception> <!-- org.openqa.selenium.ElementClickInterceptedException -->
          <reporter-output>
          </reporter-output>
        </test-method> <!-- mobile1 -->
        <test-method is-config="true" signature="beforeMethod()[pri:0, instance:org.demo.TestngDemo2@488d1cd7]" started-at="2021-12-07T23:17:06Z" name="beforeMethod" finished-at="2021-12-07T23:17:06Z" duration-ms="0" status="PASS">
          <reporter-output>
          </reporter-output>
        </test-method> <!-- beforeMethod -->
        <test-method is-config="true" signature="afterMethod()[pri:0, instance:org.demo.TestngDemo2@488d1cd7]" started-at="2021-12-07T23:17:20Z" name="afterMethod" finished-at="2021-12-07T23:17:20Z" duration-ms="1" status="PASS">
          <reporter-output>
          </reporter-output>
        </test-method> <!-- afterMethod -->
      </class> <!-- org.demo.TestngDemo2 -->
      <class name="org.demo.DemoTestng">
        <test-method is-config="true" signature="launch()[pri:0, instance:org.demo.DemoTestng@68dc098b]" started-at="2021-12-07T23:17:20Z" name="launch" finished-at="2021-12-07T23:18:03Z" duration-ms="43268" status="PASS">
          <reporter-output>
          </reporter-output>
        </test-method> <!-- launch -->
        <test-method is-config="true" signature="startTime()[pri:0, instance:org.demo.DemoTestng@68dc098b]" started-at="2021-12-07T23:18:03Z" name="startTime" finished-at="2021-12-07T23:18:03Z" duration-ms="1" status="PASS">
          <reporter-output>
          </reporter-output>
        </test-method> <!-- startTime -->
        <test-method signature="login()[pri:-1, instance:org.demo.DemoTestng@68dc098b]" started-at="2021-12-07T23:18:03Z" name="login" finished-at="2021-12-07T23:18:10Z" duration-ms="6669" status="PASS">
          <reporter-output>
          </reporter-output>
        </test-method> <!-- login -->
        <test-method is-config="true" signature="endTime()[pri:0, instance:org.demo.DemoTestng@68dc098b]" started-at="2021-12-07T23:18:10Z" name="endTime" finished-at="2021-12-07T23:18:10Z" duration-ms="1" status="PASS">
          <reporter-output>
          </reporter-output>
        </test-method> <!-- endTime -->
      </class> <!-- org.demo.DemoTestng -->
    </test> <!-- parameter -->
  </suite> <!-- Suite -->
</testng-results>
